nohup: ignoring input
Traceback (most recent call last):
  File "C:\Users\jsswp\POWER\poehr_scheduling\start_websocket_server.py", line 17, in <module>
    print("\U0001f680 Starting Django with WebSocket support...")
    ~~~~~^^^^^^^^^^^^^^^^^^^^^^^^^^^^^^^^^^^^^^^^^^^^^^^^
  File "C:\Users\jsswp\AppData\Local\Programs\Python\Python313\Lib\site-packages\colorama\ansitowin32.py", line 47, in write
    self.__convertor.write(text)
    ~~~~~~~~~~~~~~~~~~~~~~^^^^^^
  File "C:\Users\jsswp\AppData\Local\Programs\Python\Python313\Lib\site-packages\colorama\ansitowin32.py", line 177, in write
    self.write_and_convert(text)
    ~~~~~~~~~~~~~~~~~~~~~~^^^^^^
  File "C:\Users\jsswp\AppData\Local\Programs\Python\Python313\Lib\site-packages\colorama\ansitowin32.py", line 205, in write_and_convert
    self.write_plain_text(text, cursor, len(text))
    ~~~~~~~~~~~~~~~~~~~~~^^^^^^^^^^^^^^^^^^^^^^^^^
  File "C:\Users\jsswp\AppData\Local\Programs\Python\Python313\Lib\site-packages\colorama\ansitowin32.py", line 210, in write_plain_text
    self.wrapped.write(text[start:end])
    ~~~~~~~~~~~~~~~~~~^^^^^^^^^^^^^^^^^
  File "C:\Users\jsswp\AppData\Local\Programs\Python\Python313\Lib\encodings\cp1252.py", line 19, in encode
    return codecs.charmap_encode(input,self.errors,encoding_table)[0]
           ~~~~~~~~~~~~~~~~~~~~~^^^^^^^^^^^^^^^^^^^^^^^^^^^^^^^^^^
UnicodeEncodeError: 'charmap' codec can't encode character '\U0001f680' in position 0: character maps to <undefined>
